#
# A fatal error has been detected by the Java Runtime Environment:
#
#  SIGSEGV (0xb) at pc=0x0000000125c4bcdd, pid=15171, tid=0x000000000000c70b
#
# JRE version: Java(TM) SE Runtime Environment (8.0_101-b13) (build 1.8.0_101-b13)
# Java VM: Java HotSpot(TM) 64-Bit Server VM (25.101-b13 mixed mode bsd-amd64 compressed oops)
# Problematic frame:
# C  [libawt_lwawt.dylib+0x1acdd]  OGLSD_SetScratchSurface+0x49
#
# Failed to write core dump. Core dumps have been disabled. To enable core dumping, try "ulimit -c unlimited" before starting Java again
#
# If you would like to submit a bug report, please visit:
#   http://bugreport.java.com/bugreport/crash.jsp
# The crash happened outside the Java Virtual Machine in native code.
# See problematic frame for where to report the bug.
#

---------------  T H R E A D  ---------------

Current thread (0x00007ff5c2a05800):  JavaThread "Java2D Queue Flusher" daemon [_thread_in_native, id=50955, stack(0x000070000145c000,0x000070000155c000)]

siginfo: si_signo: 11 (SIGSEGV), si_code: 1 (SEGV_MAPERR), si_addr: 0x0000000000000002

Registers:
RAX=0x00000000ffffffff, RBX=0x0000000000000002, RCX=0x0000000000000047, RDX=0x0000000125c6c844
RSP=0x000070000155b6d0, RBP=0x000070000155b6f0, RSI=0x00007ff5c62868c0, RDI=0x00007ff5c2a059f8
R8 =0x00000000fffffffc, R9 =0x00007ff5c1657140, R10=0x0000000110db49a8, R11=0x00000001102e2b5b
R12=0x0000000000000000, R13=0x0000000122e3a558, R14=0x00007ff5c2a059f8, R15=0x00007ff5c2a05800
RIP=0x0000000125c4bcdd, EFLAGS=0x0000000000010202, ERR=0x0000000000000004
  TRAPNO=0x000000000000000e

Top of Stack: (sp=0x000070000155b6d0)
0x000070000155b6d0:   00007ff5c62868c0 0000000000000000
0x000070000155b6e0:   00007ff5c31cc810 00007ff5c2a05800
0x000070000155b6f0:   000070000155b770 0000000125c6c322
0x000070000155b700:   00007ff5c2a05800 000000000000941b
0x000070000155b710:   00007ff5c1657100 0000000200000001
0x000070000155b720:   3fdc1c001c231dd3 00007ff5c2a05800
0x000070000155b730:   0000000000000000 00007ff5c31cc820
0x000070000155b740:   0000000000bf95c0 00007ff5c2a059f8
0x000070000155b750:   0000000122e3a558 0000000000000000
0x000070000155b760:   000070000155b818 00007ff5c2a05800
0x000070000155b770:   000070000155b7e0 0000000110db49d4
0x000070000155b780:   00007ff5c2a05800 00007ff5c15b2988
0x000070000155b790:   000070000155b7c0 0000000110335f98
0x000070000155b7a0:   000070000155b7a0 0000000000000000
0x000070000155b7b0:   000070000155b818 0000000122e3b5f0
0x000070000155b7c0:   0000000000000000 0000000122e3a558
0x000070000155b7d0:   0000000000000000 000070000155b800
0x000070000155b7e0:   000070000155b860 0000000110da52bd
0x000070000155b7f0:   0000000000000000 0000000110dae538
0x000070000155b800:   0000000000000020 00007ff5c31cc800
0x000070000155b810:   0000000780b3a9a8 0000000780b3a990
0x000070000155b820:   000070000155b820 0000000122e3a605
0x000070000155b830:   000070000155b878 0000000122e3b5f0
0x000070000155b840:   00000001901ccec0 0000000122e3a628
0x000070000155b850:   000070000155b800 000070000155b880
0x000070000155b860:   000070000155b9d0 000000011114b5c4
0x000070000155b870:   0000000000000020 0000000780b3a990
0x000070000155b880:   0000000000000041 0000000122e3e120
0x000070000155b890:   0000000000000000 0000000000000000
0x000070000155b8a0:   0000000000000000 0000000100000000
0x000070000155b8b0:   00000000000000dc 0000000000000000
0x000070000155b8c0:   000070000155b960 00007ff5c2a05800 

Instructions: (pc=0x0000000125c4bcdd)
0x0000000125c4bcbd:   c0 e9 82 00 00 00 48 8b 5e 10 48 85 db 75 0e bf
0x0000000125c4bccd:   01 00 00 00 48 8d 15 ef 76 03 00 eb d6 49 89 fe
0x0000000125c4bcdd:   4c 8b 3b 30 c0 e8 83 a3 02 00 49 8b 3f 49 89 c4
0x0000000125c4bced:   48 8b 35 34 f9 05 00 30 c0 e8 cb a4 02 00 48 85 

Register to memory mapping:

RAX=0x00000000ffffffff is an unknown value
RBX=0x0000000000000002 is an unknown value
RCX=0x0000000000000047 is an unknown value
RDX=0x0000000125c6c844: Java_sun_java2d_opengl_OGLRenderQueue_flushBuffer+0xb5c in /Library/Java/JavaVirtualMachines/jdk1.8.0_101.jdk/Contents/Home/jre/lib/libawt_lwawt.dylib at 0x0000000125c31000
RSP=0x000070000155b6d0 is pointing into the stack for thread: 0x00007ff5c2a05800
RBP=0x000070000155b6f0 is pointing into the stack for thread: 0x00007ff5c2a05800
RSI=0x00007ff5c62868c0 is an unknown value
RDI=0x00007ff5c2a059f8 is an unknown value
R8 =0x00000000fffffffc is an unknown value
R9 =0x00007ff5c1657140 is an unknown value
R10=0x0000000110db49a8 is at code_begin+808 in an Interpreter codelet
method entry point (kind = native)  [0x0000000110db4680, 0x0000000110db4f80]  2304 bytes
R11=0x00000001102e2b5b: throw_unsatisfied_link_error+0 in /Library/Java/JavaVirtualMachines/jdk1.8.0_101.jdk/Contents/Home/jre/lib/server/libjvm.dylib at 0x000000010fe00000
R12=0x0000000000000000 is an unknown value
R13={method} {0x0000000122e3a558} 'flushBuffer' '(JI)V' in 'sun/java2d/opengl/OGLRenderQueue'
R14=0x00007ff5c2a059f8 is an unknown value
R15=0x00007ff5c2a05800 is a thread


Stack: [0x000070000145c000,0x000070000155c000],  sp=0x000070000155b6d0,  free space=1021k
Native frames: (J=compiled Java code, j=interpreted, Vv=VM code, C=native code)
C  [libawt_lwawt.dylib+0x1acdd]  OGLSD_SetScratchSurface+0x49
C  [libawt_lwawt.dylib+0x3b322]  Java_sun_java2d_opengl_OGLRenderQueue_flushBuffer+0x63a
j  sun.java2d.opengl.OGLRenderQueue.flushBuffer(JI)V+0
j  sun.java2d.opengl.OGLRenderQueue.flushBuffer()V+21
J 1059% C1 sun.java2d.opengl.OGLRenderQueue$QueueFlusher.run()V (234 bytes) @ 0x000000011114b5c4 [0x000000011114ac00+0x9c4]
v  ~StubRoutines::call_stub
V  [libjvm.dylib+0x2ecf06]
V  [libjvm.dylib+0x2ed694]
V  [libjvm.dylib+0x2ed840]
V  [libjvm.dylib+0x348029]
V  [libjvm.dylib+0x5695ab]
V  [libjvm.dylib+0x56ac98]
V  [libjvm.dylib+0x48933a]
C  [libsystem_pthread.dylib+0x39b1]  _pthread_body+0x83
C  [libsystem_pthread.dylib+0x392e]  _pthread_body+0x0
C  [libsystem_pthread.dylib+0x1385]  thread_start+0xd
C  0x0000000000000000

Java frames: (J=compiled Java code, j=interpreted, Vv=VM code)
j  sun.java2d.opengl.OGLRenderQueue.flushBuffer(JI)V+0
j  sun.java2d.opengl.OGLRenderQueue.flushBuffer()V+21
J 1059% C1 sun.java2d.opengl.OGLRenderQueue$QueueFlusher.run()V (234 bytes) @ 0x000000011114b5c4 [0x000000011114ac00+0x9c4]
v  ~StubRoutines::call_stub

---------------  P R O C E S S  ---------------

Java Threads: ( => current thread )
  0x00007ff5c2949000 JavaThread "TimerQueue" daemon [_thread_blocked, id=61723, stack(0x00007000016e5000,0x00007000017e5000)]
  0x00007ff5c31a4800 JavaThread "DestroyJavaVM" [_thread_blocked, id=5891, stack(0x000070000011a000,0x000070000021a000)]
  0x00007ff5c198c800 JavaThread "AWT-EventQueue-0" [_thread_blocked, id=55059, stack(0x000070000155f000,0x000070000165f000)]
=>0x00007ff5c2a05800 JavaThread "Java2D Queue Flusher" daemon [_thread_in_native, id=50955, stack(0x000070000145c000,0x000070000155c000)]
  0x00007ff5c3176000 JavaThread "Java2D Disposer" daemon [_thread_blocked, id=37915, stack(0x0000700001359000,0x0000700001459000)]
  0x00007ff5c314b000 JavaThread "AWT-Shutdown" [_thread_blocked, id=29979, stack(0x00007000011d3000,0x00007000012d3000)]
  0x00007ff5c3140000 JavaThread "AppKit Thread" daemon [_thread_in_native, id=2571, stack(0x00007fff501c1000,0x00007fff509c1000)]
  0x00007ff5c3053800 JavaThread "Service Thread" daemon [_thread_blocked, id=18691, stack(0x0000700000e44000,0x0000700000f44000)]
  0x00007ff5c3038800 JavaThread "C1 CompilerThread2" daemon [_thread_blocked, id=18179, stack(0x0000700000d41000,0x0000700000e41000)]
  0x00007ff5c3037800 JavaThread "C2 CompilerThread1" daemon [_thread_blocked, id=17667, stack(0x0000700000c3e000,0x0000700000d3e000)]
  0x00007ff5c284c800 JavaThread "C2 CompilerThread0" daemon [_thread_blocked, id=17155, stack(0x0000700000b3b000,0x0000700000c3b000)]
  0x00007ff5c2857800 JavaThread "Signal Dispatcher" daemon [_thread_blocked, id=13839, stack(0x0000700000a38000,0x0000700000b38000)]
  0x00007ff5c2829800 JavaThread "Finalizer" daemon [_thread_blocked, id=12291, stack(0x000070000082f000,0x000070000092f000)]
  0x00007ff5c2039000 JavaThread "Reference Handler" daemon [_thread_blocked, id=11779, stack(0x000070000072c000,0x000070000082c000)]

Other Threads:
  0x00007ff5c3025000 VMThread [stack: 0x0000700000629000,0x0000700000729000] [id=11267]
  0x00007ff5c2858800 WatcherThread [stack: 0x0000700000f47000,0x0000700001047000] [id=19203]

VM state:not at safepoint (normal execution)

VM Mutex/Monitor currently owned by a thread: None

Heap:
 PSYoungGen      total 20480K, used 3983K [0x00000007aab00000, 0x00000007ad000000, 0x00000007c0000000)
  eden space 16384K, 1% used [0x00000007aab00000,0x00000007aab4f168,0x00000007abb00000)
  from space 4096K, 89% used [0x00000007abb00000,0x00000007abe94c60,0x00000007abf00000)
  to   space 10752K, 0% used [0x00000007ac580000,0x00000007ac580000,0x00000007ad000000)
 ParOldGen       total 44032K, used 12561K [0x0000000780000000, 0x0000000782b00000, 0x00000007aab00000)
  object space 44032K, 28% used [0x0000000780000000,0x0000000780c44698,0x0000000782b00000)
 Metaspace       used 12661K, capacity 12888K, committed 13056K, reserved 1060864K
  class space    used 1646K, capacity 1733K, committed 1792K, reserved 1048576K

Card table byte_map: [0x000000012015d000,0x000000012035e000] byte_map_base: 0x000000011c55d000

Marking Bits: (ParMarkBitMap*) 0x00000001106edd20
 Begin Bits: [0x00000001204b4000, 0x00000001214b4000)
 End Bits:   [0x00000001214b4000, 0x00000001224b4000)

Polling page: 0x000000010f502000

CodeCache: size=245760Kb used=3752Kb max_used=3752Kb free=242007Kb
 bounds [0x0000000110d9d000, 0x000000011115d000, 0x000000011fd9d000]
 total_blobs=1544 nmethods=1053 adapters=405
 compilation: enabled

Compilation events (10 events):
Event: 27590.535 Thread 0x00007ff5c3038800 1058       3       sun.java2d.pipe.BufferedContext::validate (518 bytes)
Event: 27591.274 Thread 0x00007ff5c3038800 nmethod 1058 0x0000000111146010 code [0x00000001111463c0, 0x00000001111494d8]
Event: 27691.327 Thread 0x00007ff5c3038800 1059 %s!   3       sun.java2d.opengl.OGLRenderQueue$QueueFlusher::run @ 2 (234 bytes)
Event: 27691.336 Thread 0x00007ff5c3038800 nmethod 1059% 0x000000011114a850 code [0x000000011114ac00, 0x000000011114d2c8]
Event: 28286.540 Thread 0x00007ff5c3038800 1060       1       sun.java2d.opengl.CGLSurfaceData$CGLLayerSurfaceData::isOnScreen (2 bytes)
Event: 28286.540 Thread 0x00007ff5c3038800 nmethod 1060 0x00000001110f4d10 code [0x00000001110f4e60, 0x00000001110f4f70]
Event: 28286.574 Thread 0x00007ff5c3038800 1061       3       sun.java2d.SunGraphics2D::<init> (180 bytes)
Event: 28286.600 Thread 0x00007ff5c3038800 nmethod 1061 0x000000011113ae90 code [0x000000011113b0a0, 0x000000011113bc08]
Event: 28286.600 Thread 0x00007ff5c3038800 1062       3       java.awt.Graphics2D::<init> (5 bytes)
Event: 28286.601 Thread 0x00007ff5c3038800 nmethod 1062 0x0000000110e9c950 code [0x0000000110e9cac0, 0x0000000110e9ccd0]

GC Heap History (10 events):
Event: 15323.377 GC heap before
{Heap before GC invocations=5 (full 0):
 PSYoungGen      total 18944K, used 17648K [0x00000007aab00000, 0x00000007ac000000, 0x00000007c0000000)
  eden space 16384K, 100% used [0x00000007aab00000,0x00000007abb00000,0x00000007abb00000)
  from space 2560K, 49% used [0x00000007abd80000,0x00000007abebc010,0x00000007ac000000)
  to   space 2560K, 0% used [0x00000007abb00000,0x00000007abb00000,0x00000007abd80000)
 ParOldGen       total 44032K, used 11350K [0x0000000780000000, 0x0000000782b00000, 0x00000007aab00000)
  object space 44032K, 25% used [0x0000000780000000,0x0000000780b15840,0x0000000782b00000)
 Metaspace       used 12634K, capacity 12824K, committed 13056K, reserved 1060864K
  class space    used 1644K, capacity 1733K, committed 1792K, reserved 1048576K
Event: 15323.423 GC heap after
Heap after GC invocations=5 (full 0):
 PSYoungGen      total 18944K, used 1232K [0x00000007aab00000, 0x00000007ad500000, 0x00000007c0000000)
  eden space 16384K, 0% used [0x00000007aab00000,0x00000007aab00000,0x00000007abb00000)
  from space 2560K, 48% used [0x00000007abb00000,0x00000007abc34010,0x00000007abd80000)
  to   space 13312K, 0% used [0x00000007ac800000,0x00000007ac800000,0x00000007ad500000)
 ParOldGen       total 44032K, used 11350K [0x0000000780000000, 0x0000000782b00000, 0x00000007aab00000)
  object space 44032K, 25% used [0x0000000780000000,0x0000000780b15840,0x0000000782b00000)
 Metaspace       used 12634K, capacity 12824K, committed 13056K, reserved 1060864K
  class space    used 1644K, capacity 1733K, committed 1792K, reserved 1048576K
}
Event: 19343.491 GC heap before
{Heap before GC invocations=6 (full 0):
 PSYoungGen      total 18944K, used 17616K [0x00000007aab00000, 0x00000007ad500000, 0x00000007c0000000)
  eden space 16384K, 100% used [0x00000007aab00000,0x00000007abb00000,0x00000007abb00000)
  from space 2560K, 48% used [0x00000007abb00000,0x00000007abc34010,0x00000007abd80000)
  to   space 13312K, 0% used [0x00000007ac800000,0x00000007ac800000,0x00000007ad500000)
 ParOldGen       total 44032K, used 11350K [0x0000000780000000, 0x0000000782b00000, 0x00000007aab00000)
  object space 44032K, 25% used [0x0000000780000000,0x0000000780b15840,0x0000000782b00000)
 Metaspace       used 12634K, capacity 12824K, committed 13056K, reserved 1060864K
  class space    used 1644K, capacity 1733K, committed 1792K, reserved 1048576K
Event: 19343.509 GC heap after
Heap after GC invocations=6 (full 0):
 PSYoungGen      total 27648K, used 1248K [0x00000007aab00000, 0x00000007ad300000, 0x00000007c0000000)
  eden space 16384K, 0% used [0x00000007aab00000,0x00000007aab00000,0x00000007abb00000)
  from space 11264K, 11% used [0x00000007ac800000,0x00000007ac938000,0x00000007ad300000)
  to   space 12288K, 0% used [0x00000007abb00000,0x00000007abb00000,0x00000007ac700000)
 ParOldGen       total 44032K, used 11350K [0x0000000780000000, 0x0000000782b00000, 0x00000007aab00000)
  object space 44032K, 25% used [0x0000000780000000,0x0000000780b15840,0x0000000782b00000)
 Metaspace       used 12634K, capacity 12824K, committed 13056K, reserved 1060864K
  class space    used 1644K, capacity 1733K, committed 1792K, reserved 1048576K
}
Event: 23352.682 GC heap before
{Heap before GC invocations=7 (full 0):
 PSYoungGen      total 27648K, used 17632K [0x00000007aab00000, 0x00000007ad300000, 0x00000007c0000000)
  eden space 16384K, 100% used [0x00000007aab00000,0x00000007abb00000,0x00000007abb00000)
  from space 11264K, 11% used [0x00000007ac800000,0x00000007ac938000,0x00000007ad300000)
  to   space 12288K, 0% used [0x00000007abb00000,0x00000007abb00000,0x00000007ac700000)
 ParOldGen       total 44032K, used 11350K [0x0000000780000000, 0x0000000782b00000, 0x00000007aab00000)
  object space 44032K, 25% used [0x0000000780000000,0x0000000780b15840,0x0000000782b00000)
 Metaspace       used 12634K, capacity 12824K, committed 13056K, reserved 1060864K
  class space    used 1644K, capacity 1733K, committed 1792K, reserved 1048576K
Event: 23352.698 GC heap after
Heap after GC invocations=7 (full 0):
 PSYoungGen      total 16896K, used 64K [0x00000007aab00000, 0x00000007ad200000, 0x00000007c0000000)
  eden space 16384K, 0% used [0x00000007aab00000,0x00000007aab00000,0x00000007abb00000)
  from space 512K, 12% used [0x00000007abb00000,0x00000007abb10000,0x00000007abb80000)
  to   space 11776K, 0% used [0x00000007ac680000,0x00000007ac680000,0x00000007ad200000)
 ParOldGen       total 44032K, used 12545K [0x0000000780000000, 0x0000000782b00000, 0x00000007aab00000)
  object space 44032K, 28% used [0x0000000780000000,0x0000000780c40698,0x0000000782b00000)
 Metaspace       used 12634K, capacity 12824K, committed 13056K, reserved 1060864K
  class space    used 1644K, capacity 1733K, committed 1792K, reserved 1048576K
}
Event: 27378.087 GC heap before
{Heap before GC invocations=8 (full 0):
 PSYoungGen      total 16896K, used 16448K [0x00000007aab00000, 0x00000007ad200000, 0x00000007c0000000)
  eden space 16384K, 100% used [0x00000007aab00000,0x00000007abb00000,0x00000007abb00000)
  from space 512K, 12% used [0x00000007abb00000,0x00000007abb10000,0x00000007abb80000)
  to   space 11776K, 0% used [0x00000007ac680000,0x00000007ac680000,0x00000007ad200000)
 ParOldGen       total 44032K, used 12545K [0x0000000780000000, 0x0000000782b00000, 0x00000007aab00000)
  object space 44032K, 28% used [0x0000000780000000,0x0000000780c40698,0x0000000782b00000)
 Metaspace       used 12634K, capacity 12824K, committed 13056K, reserved 1060864K
  class space    used 1644K, capacity 1733K, committed 1792K, reserved 1048576K
Event: 27378.098 GC heap after
Heap after GC invocations=8 (full 0):
 PSYoungGen      total 28160K, used 64K [0x00000007aab00000, 0x00000007ad200000, 0x00000007c0000000)
  eden space 16384K, 0% used [0x00000007aab00000,0x00000007aab00000,0x00000007abb00000)
  from space 11776K, 0% used [0x00000007ac680000,0x00000007ac690000,0x00000007ad200000)
  to   space 11776K, 0% used [0x00000007abb00000,0x00000007abb00000,0x00000007ac680000)
 ParOldGen       total 44032K, used 12553K [0x0000000780000000, 0x0000000782b00000, 0x00000007aab00000)
  object space 44032K, 28% used [0x0000000780000000,0x0000000780c42698,0x0000000782b00000)
 Metaspace       used 12634K, capacity 12824K, committed 13056K, reserved 1060864K
  class space    used 1644K, capacity 1733K, committed 1792K, reserved 1048576K
}
Event: 31037.379 GC heap before
{Heap before GC invocations=9 (full 0):
 PSYoungGen      total 28160K, used 16448K [0x00000007aab00000, 0x00000007ad200000, 0x00000007c0000000)
  eden space 16384K, 100% used [0x00000007aab00000,0x00000007abb00000,0x00000007abb00000)
  from space 11776K, 0% used [0x00000007ac680000,0x00000007ac690000,0x00000007ad200000)
  to   space 11776K, 0% used [0x00000007abb00000,0x00000007abb00000,0x00000007ac680000)
 ParOldGen       total 44032K, used 12553K [0x0000000780000000, 0x0000000782b00000, 0x00000007aab00000)
  object space 44032K, 28% used [0x0000000780000000,0x0000000780c42698,0x0000000782b00000)
 Metaspace       used 12661K, capacity 12888K, committed 13056K, reserved 1060864K
  class space    used 1646K, capacity 1733K, committed 1792K, reserved 1048576K
Event: 31037.423 GC heap after
Heap after GC invocations=9 (full 0):
 PSYoungGen      total 20480K, used 3667K [0x00000007aab00000, 0x00000007ad000000, 0x00000007c0000000)
  eden space 16384K, 0% used [0x00000007aab00000,0x00000007aab00000,0x00000007abb00000)
  from space 4096K, 89% used [0x00000007abb00000,0x00000007abe94c60,0x00000007abf00000)
  to   space 10752K, 0% used [0x00000007ac580000,0x00000007ac580000,0x00000007ad000000)
 ParOldGen       total 44032K, used 12561K [0x0000000780000000, 0x0000000782b00000, 0x00000007aab00000)
  object space 44032K, 28% used [0x0000000780000000,0x0000000780c44698,0x0000000782b00000)
 Metaspace       used 12661K, capacity 12888K, committed 13056K, reserved 1060864K
  class space    used 1646K, capacity 1733K, committed 1792K, reserved 1048576K
}

Deoptimization events (7 events):
Event: 1.708 Thread 0x00007ff5c180a800 Uncommon trap: reason=unstable_if action=reinterpret pc=0x0000000110f4bf60 method=java.lang.String.startsWith(Ljava/lang/String;I)Z @ 25
Event: 5.643 Thread 0x00007ff5c198c800 Uncommon trap: reason=class_check action=maybe_recompile pc=0x0000000110f1321c method=java.lang.String.equals(Ljava/lang/Object;)Z @ 8
Event: 5.649 Thread 0x00007ff5c198c800 Uncommon trap: reason=class_check action=maybe_recompile pc=0x0000000110f1321c method=java.lang.String.equals(Ljava/lang/Object;)Z @ 8
Event: 5.740 Thread 0x00007ff5c198c800 Uncommon trap: reason=class_check action=maybe_recompile pc=0x0000000110f1321c method=java.lang.String.equals(Ljava/lang/Object;)Z @ 8
Event: 5.744 Thread 0x00007ff5c198c800 Uncommon trap: reason=class_check action=maybe_recompile pc=0x0000000110f1321c method=java.lang.String.equals(Ljava/lang/Object;)Z @ 8
Event: 19803.701 Thread 0x00007ff5c2949000 Uncommon trap: reason=unstable_if action=reinterpret pc=0x00000001111275c4 method=java.util.concurrent.locks.AbstractQueuedSynchronizer$ConditionObject.signal()V @ 24
Event: 27588.904 Thread 0x00007ff5c2a05800 Uncommon trap: reason=unstable_if action=reinterpret pc=0x000000011113c4f8 method=sun.java2d.opengl.OGLRenderQueue$QueueFlusher.run()V @ 34

Internal exceptions (10 events):
Event: 0.514 Thread 0x00007ff5c180a800 Exception <a 'java/security/PrivilegedActionException'> (0x00000007aac73ea0) thrown at [/HUDSON3/workspace/8-2-build-macosx-x86_64/jdk8u101/7261/hotspot/src/share/vm/prims/jvm.cpp, line 1386]
Event: 0.514 Thread 0x00007ff5c180a800 Exception <a 'java/security/PrivilegedActionException'> (0x00000007aac74298) thrown at [/HUDSON3/workspace/8-2-build-macosx-x86_64/jdk8u101/7261/hotspot/src/share/vm/prims/jvm.cpp, line 1386]
Event: 0.515 Thread 0x00007ff5c180a800 Exception <a 'java/security/PrivilegedActionException'> (0x00000007aac77970) thrown at [/HUDSON3/workspace/8-2-build-macosx-x86_64/jdk8u101/7261/hotspot/src/share/vm/prims/jvm.cpp, line 1386]
Event: 0.515 Thread 0x00007ff5c180a800 Exception <a 'java/security/PrivilegedActionException'> (0x00000007aac77d68) thrown at [/HUDSON3/workspace/8-2-build-macosx-x86_64/jdk8u101/7261/hotspot/src/share/vm/prims/jvm.cpp, line 1386]
Event: 0.648 Thread 0x00007ff5c180a800 Exception <a 'java/lang/NoSuchFieldError': method resolution failed> (0x00000007aad457a8) thrown at [/HUDSON3/workspace/8-2-build-macosx-x86_64/jdk8u101/7261/hotspot/src/share/vm/prims/methodHandles.cpp, line 1146]
Event: 0.651 Thread 0x00007ff5c180a800 Exception <a 'java/lang/NoSuchFieldError': method resolution failed> (0x00000007aad52f78) thrown at [/HUDSON3/workspace/8-2-build-macosx-x86_64/jdk8u101/7261/hotspot/src/share/vm/prims/methodHandles.cpp, line 1146]
Event: 1.096 Thread 0x00007ff5c180a800 Exception <a 'java/io/FileNotFoundException'> (0x00000007aadcd698) thrown at [/HUDSON3/workspace/8-2-build-macosx-x86_64/jdk8u101/7261/hotspot/src/share/vm/prims/jni.cpp, line 709]
Event: 1.097 Thread 0x00007ff5c180a800 Exception <a 'java/io/FileNotFoundException'> (0x00000007aadce218) thrown at [/HUDSON3/workspace/8-2-build-macosx-x86_64/jdk8u101/7261/hotspot/src/share/vm/prims/jni.cpp, line 709]
Event: 1.552 Thread 0x00007ff5c180a800 Exception <a 'java/io/FileNotFoundException'> (0x00000007ab1cd488) thrown at [/HUDSON3/workspace/8-2-build-macosx-x86_64/jdk8u101/7261/hotspot/src/share/vm/prims/jni.cpp, line 709]
Event: 19803.382 Thread 0x00007ff5c2949000 Implicit null exception at 0x0000000111126bc6 to 0x00000001111275a9

Events (10 events):
Event: 27590.459 Executing VM operation: RevokeBias
Event: 27590.460 Executing VM operation: RevokeBias done
Event: 27590.460 loading class java/util/IdentityHashMap$Values
Event: 27590.462 loading class java/util/IdentityHashMap$Values done
Event: 27590.462 loading class java/util/IdentityHashMap$ValueIterator
Event: 27590.462 loading class java/util/IdentityHashMap$ValueIterator done
Event: 27590.462 loading class javax/swing/RepaintManager$DisplayChangedRunnable
Event: 27590.463 loading class javax/swing/RepaintManager$DisplayChangedRunnable done
Event: 31037.377 Executing VM operation: ParallelGCFailedAllocation
Event: 31037.423 Executing VM operation: ParallelGCFailedAllocation done


Dynamic libraries:
0x000000000241b000 	/System/Library/Frameworks/Cocoa.framework/Versions/A/Cocoa
0x000000000241b000 	/System/Library/Frameworks/Security.framework/Versions/A/Security
0x000000000241b000 	/System/Library/Frameworks/ApplicationServices.framework/Versions/A/ApplicationServices
0x000000000241b000 	/usr/lib/libz.1.dylib
0x000000000241b000 	/usr/lib/libSystem.B.dylib
0x000000000241b000 	/usr/lib/libobjc.A.dylib
0x000000000241b000 	/System/Library/Frameworks/CoreFoundation.framework/Versions/A/CoreFoundation
0x000000000241b000 	/System/Library/Frameworks/Foundation.framework/Versions/C/Foundation
0x000000000241b000 	/System/Library/Frameworks/AppKit.framework/Versions/C/AppKit
0x000000000241b000 	/System/Library/Frameworks/CoreData.framework/Versions/A/CoreData
0x000000000241b000 	/System/Library/PrivateFrameworks/RemoteViewServices.framework/Versions/A/RemoteViewServices
0x000000000241b000 	/System/Library/PrivateFrameworks/UIFoundation.framework/Versions/A/UIFoundation
0x000000000241b000 	/usr/lib/libScreenReader.dylib
0x000000000241b000 	/System/Library/Frameworks/Accelerate.framework/Versions/A/Accelerate
0x000000000241b000 	/System/Library/Frameworks/IOSurface.framework/Versions/A/IOSurface
0x000000000241b000 	/System/Library/Frameworks/AudioToolbox.framework/Versions/A/AudioToolbox
0x000000000241b000 	/System/Library/Frameworks/AudioUnit.framework/Versions/A/AudioUnit
0x000000000241b000 	/System/Library/PrivateFrameworks/DataDetectorsCore.framework/Versions/A/DataDetectorsCore
0x000000000241b000 	/System/Library/PrivateFrameworks/DesktopServicesPriv.framework/Versions/A/DesktopServicesPriv
0x000000000241b000 	/System/Library/Frameworks/Carbon.framework/Versions/A/Frameworks/HIToolbox.framework/Versions/A/HIToolbox
0x000000000241b000 	/System/Library/Frameworks/QuartzCore.framework/Versions/A/QuartzCore
0x000000000241b000 	/System/Library/Frameworks/Carbon.framework/Versions/A/Frameworks/SpeechRecognition.framework/Versions/A/SpeechRecognition
0x000000000241b000 	/usr/lib/libauto.dylib
0x000000000241b000 	/usr/lib/libicucore.A.dylib
0x000000000241b000 	/usr/lib/libxml2.2.dylib
0x000000000241b000 	/System/Library/PrivateFrameworks/CoreUI.framework/Versions/A/CoreUI
0x000000000241b000 	/System/Library/Frameworks/CoreAudio.framework/Versions/A/CoreAudio
0x000000000241b000 	/System/Library/Frameworks/DiskArbitration.framework/Versions/A/DiskArbitration
0x000000000241b000 	/usr/lib/liblangid.dylib
0x000000000241b000 	/System/Library/PrivateFrameworks/MultitouchSupport.framework/Versions/A/MultitouchSupport
0x000000000241b000 	/System/Library/Frameworks/IOKit.framework/Versions/A/IOKit
0x000000000241b000 	/usr/lib/libDiagnosticMessagesClient.dylib
0x000000000241b000 	/System/Library/Frameworks/CoreServices.framework/Versions/A/CoreServices
0x000000000241b000 	/System/Library/PrivateFrameworks/PerformanceAnalysis.framework/Versions/A/PerformanceAnalysis
0x000000000241b000 	/System/Library/PrivateFrameworks/GenerationalStorage.framework/Versions/A/GenerationalStorage
0x000000000241b000 	/System/Library/Frameworks/OpenGL.framework/Versions/A/OpenGL
0x000000000241b000 	/System/Library/PrivateFrameworks/Sharing.framework/Versions/A/Sharing
0x000000000241b000 	/System/Library/Frameworks/CoreGraphics.framework/Versions/A/CoreGraphics
0x000000000241b000 	/System/Library/Frameworks/CoreImage.framework/Versions/A/CoreImage
0x000000000241b000 	/System/Library/Frameworks/CoreText.framework/Versions/A/CoreText
0x000000000241b000 	/System/Library/Frameworks/ImageIO.framework/Versions/A/ImageIO
0x000000000241b000 	/System/Library/PrivateFrameworks/Backup.framework/Versions/A/Backup
0x000000000241b000 	/usr/lib/libextension.dylib
0x000000000241b000 	/usr/lib/libarchive.2.dylib
0x000000000241b000 	/System/Library/Frameworks/CFNetwork.framework/Versions/A/CFNetwork
0x000000000241b000 	/System/Library/Frameworks/SystemConfiguration.framework/Versions/A/SystemConfiguration
0x000000000241b000 	/usr/lib/libCRFSuite.dylib
0x000000000241b000 	/usr/lib/libc++.1.dylib
0x000000000241b000 	/usr/lib/libc++abi.dylib
0x000000000241b000 	/usr/lib/system/libcache.dylib
0x000000000241b000 	/usr/lib/system/libcommonCrypto.dylib
0x000000000241b000 	/usr/lib/system/libcompiler_rt.dylib
0x000000000241b000 	/usr/lib/system/libcopyfile.dylib
0x000000000241b000 	/usr/lib/system/libcorecrypto.dylib
0x000000000241b000 	/usr/lib/system/libdispatch.dylib
0x000000000241b000 	/usr/lib/system/libdyld.dylib
0x000000000241b000 	/usr/lib/system/libkeymgr.dylib
0x000000000241b000 	/usr/lib/system/liblaunch.dylib
0x000000000241b000 	/usr/lib/system/libmacho.dylib
0x000000000241b000 	/usr/lib/system/libquarantine.dylib
0x000000000241b000 	/usr/lib/system/libremovefile.dylib
0x000000000241b000 	/usr/lib/system/libsystem_asl.dylib
0x000000000241b000 	/usr/lib/system/libsystem_blocks.dylib
0x000000000241b000 	/usr/lib/system/libsystem_c.dylib
0x000000000241b000 	/usr/lib/system/libsystem_configuration.dylib
0x000000000241b000 	/usr/lib/system/libsystem_coreservices.dylib
0x000000000241b000 	/usr/lib/system/libsystem_coretls.dylib
0x000000000241b000 	/usr/lib/system/libsystem_dnssd.dylib
0x000000000241b000 	/usr/lib/system/libsystem_info.dylib
0x000000000241b000 	/usr/lib/system/libsystem_kernel.dylib
0x000000000241b000 	/usr/lib/system/libsystem_m.dylib
0x000000000241b000 	/usr/lib/system/libsystem_malloc.dylib
0x000000000241b000 	/usr/lib/system/libsystem_network.dylib
0x000000000241b000 	/usr/lib/system/libsystem_networkextension.dylib
0x000000000241b000 	/usr/lib/system/libsystem_notify.dylib
0x000000000241b000 	/usr/lib/system/libsystem_platform.dylib
0x000000000241b000 	/usr/lib/system/libsystem_pthread.dylib
0x000000000241b000 	/usr/lib/system/libsystem_sandbox.dylib
0x000000000241b000 	/usr/lib/system/libsystem_secinit.dylib
0x000000000241b000 	/usr/lib/system/libsystem_trace.dylib
0x000000000241b000 	/usr/lib/system/libunc.dylib
0x000000000241b000 	/usr/lib/system/libunwind.dylib
0x000000000241b000 	/usr/lib/system/libxpc.dylib
0x000000000241b000 	/usr/lib/libenergytrace.dylib
0x000000000241b000 	/usr/lib/libbsm.0.dylib
0x000000000241b000 	/usr/lib/system/libkxld.dylib
0x000000000241b000 	/usr/lib/libxar.1.dylib
0x000000000241b000 	/usr/lib/libsqlite3.dylib
0x000000000241b000 	/usr/lib/libpam.2.dylib
0x000000000241b000 	/usr/lib/libOpenScriptingUtil.dylib
0x000000000241b000 	/usr/lib/libbz2.1.0.dylib
0x000000000241b000 	/usr/lib/liblzma.5.dylib
0x000000000241b000 	/System/Library/Frameworks/CoreServices.framework/Versions/A/Frameworks/FSEvents.framework/Versions/A/FSEvents
0x000000000241b000 	/System/Library/Frameworks/CoreServices.framework/Versions/A/Frameworks/CarbonCore.framework/Versions/A/CarbonCore
0x000000000241b000 	/System/Library/Frameworks/CoreServices.framework/Versions/A/Frameworks/Metadata.framework/Versions/A/Metadata
0x000000000241b000 	/System/Library/Frameworks/CoreServices.framework/Versions/A/Frameworks/OSServices.framework/Versions/A/OSServices
0x000000000241b000 	/System/Library/Frameworks/CoreServices.framework/Versions/A/Frameworks/SearchKit.framework/Versions/A/SearchKit
0x000000000241b000 	/System/Library/Frameworks/CoreServices.framework/Versions/A/Frameworks/AE.framework/Versions/A/AE
0x000000000241b000 	/System/Library/Frameworks/CoreServices.framework/Versions/A/Frameworks/LaunchServices.framework/Versions/A/LaunchServices
0x000000000241b000 	/System/Library/Frameworks/CoreServices.framework/Versions/A/Frameworks/DictionaryServices.framework/Versions/A/DictionaryServices
0x000000000241b000 	/System/Library/Frameworks/CoreServices.framework/Versions/A/Frameworks/SharedFileList.framework/Versions/A/SharedFileList
0x000000000241b000 	/System/Library/Frameworks/NetFS.framework/Versions/A/NetFS
0x000000000241b000 	/System/Library/PrivateFrameworks/NetAuth.framework/Versions/A/NetAuth
0x000000000241b000 	/System/Library/PrivateFrameworks/login.framework/Versions/A/Frameworks/loginsupport.framework/Versions/A/loginsupport
0x000000000241b000 	/System/Library/PrivateFrameworks/TCC.framework/Versions/A/TCC
0x000000000241b000 	/usr/lib/libmecabra.dylib
0x000000000241b000 	/System/Library/Frameworks/ApplicationServices.framework/Versions/A/Frameworks/ATS.framework/Versions/A/ATS
0x000000000241b000 	/System/Library/Frameworks/ApplicationServices.framework/Versions/A/Frameworks/ColorSync.framework/Versions/A/ColorSync
0x000000000241b000 	/System/Library/Frameworks/ApplicationServices.framework/Versions/A/Frameworks/HIServices.framework/Versions/A/HIServices
0x000000000241b000 	/System/Library/Frameworks/ApplicationServices.framework/Versions/A/Frameworks/LangAnalysis.framework/Versions/A/LangAnalysis
0x000000000241b000 	/System/Library/Frameworks/ApplicationServices.framework/Versions/A/Frameworks/PrintCore.framework/Versions/A/PrintCore
0x000000000241b000 	/System/Library/Frameworks/ApplicationServices.framework/Versions/A/Frameworks/QD.framework/Versions/A/QD
0x000000000241b000 	/System/Library/Frameworks/ApplicationServices.framework/Versions/A/Frameworks/SpeechSynthesis.framework/Versions/A/SpeechSynthesis
0x000000000241b000 	/System/Library/Frameworks/Metal.framework/Versions/A/Metal
0x000000000241b000 	/System/Library/Frameworks/Accelerate.framework/Versions/A/Frameworks/vImage.framework/Versions/A/vImage
0x000000000241b000 	/System/Library/Frameworks/Accelerate.framework/Versions/A/Frameworks/vecLib.framework/Versions/A/vecLib
0x000000000241b000 	/System/Library/Frameworks/Accelerate.framework/Versions/A/Frameworks/vecLib.framework/Versions/A/libvDSP.dylib
0x000000000241b000 	/System/Library/Frameworks/Accelerate.framework/Versions/A/Frameworks/vecLib.framework/Versions/A/libvMisc.dylib
0x000000000241b000 	/System/Library/Frameworks/Accelerate.framework/Versions/A/Frameworks/vecLib.framework/Versions/A/libLAPACK.dylib
0x000000000241b000 	/System/Library/Frameworks/Accelerate.framework/Versions/A/Frameworks/vecLib.framework/Versions/A/libBLAS.dylib
0x000000000241b000 	/System/Library/Frameworks/Accelerate.framework/Versions/A/Frameworks/vecLib.framework/Versions/A/libLinearAlgebra.dylib
0x000000000241b000 	/System/Library/Frameworks/Accelerate.framework/Versions/A/Frameworks/vecLib.framework/Versions/A/libSparseBLAS.dylib
0x000000000241b000 	/System/Library/PrivateFrameworks/GPUCompiler.framework/libmetal_timestamp.dylib
0x000000000241b000 	/System/Library/Frameworks/OpenGL.framework/Versions/A/Libraries/libCoreFSCache.dylib
0x000000000241b000 	/System/Library/PrivateFrameworks/IOAccelerator.framework/Versions/A/IOAccelerator
0x000000000241b000 	/System/Library/Frameworks/ApplicationServices.framework/Versions/A/Frameworks/ATS.framework/Versions/A/Resources/libFontParser.dylib
0x000000000241b000 	/System/Library/Frameworks/ApplicationServices.framework/Versions/A/Frameworks/ATS.framework/Versions/A/Resources/libFontRegistry.dylib
0x000000000241b000 	/System/Library/PrivateFrameworks/AppleVPA.framework/Versions/A/AppleVPA
0x000000000241b000 	/System/Library/PrivateFrameworks/AppleJPEG.framework/Versions/A/AppleJPEG
0x000000000241b000 	/System/Library/Frameworks/ImageIO.framework/Versions/A/Resources/libJPEG.dylib
0x000000000241b000 	/System/Library/Frameworks/ImageIO.framework/Versions/A/Resources/libTIFF.dylib
0x000000000241b000 	/System/Library/Frameworks/ImageIO.framework/Versions/A/Resources/libPng.dylib
0x000000000241b000 	/System/Library/Frameworks/ImageIO.framework/Versions/A/Resources/libGIF.dylib
0x000000000241b000 	/System/Library/Frameworks/ImageIO.framework/Versions/A/Resources/libJP2.dylib
0x000000000241b000 	/System/Library/Frameworks/ImageIO.framework/Versions/A/Resources/libRadiance.dylib
0x000000000241b000 	/System/Library/Frameworks/CoreVideo.framework/Versions/A/CoreVideo
0x000000000241b000 	/System/Library/Frameworks/OpenGL.framework/Versions/A/Libraries/libGLU.dylib
0x000000000241b000 	/System/Library/Frameworks/OpenGL.framework/Versions/A/Libraries/libGFXShared.dylib
0x000000000241b000 	/System/Library/Frameworks/OpenGL.framework/Versions/A/Libraries/libGL.dylib
0x000000000241b000 	/System/Library/Frameworks/OpenGL.framework/Versions/A/Libraries/libGLImage.dylib
0x000000000241b000 	/System/Library/Frameworks/OpenGL.framework/Versions/A/Libraries/libCVMSPluginSupport.dylib
0x000000000241b000 	/System/Library/Frameworks/OpenGL.framework/Versions/A/Libraries/libCoreVMClient.dylib
0x000000000241b000 	/usr/lib/libcups.2.dylib
0x000000000241b000 	/System/Library/Frameworks/Kerberos.framework/Versions/A/Kerberos
0x000000000241b000 	/System/Library/Frameworks/GSS.framework/Versions/A/GSS
0x000000000241b000 	/usr/lib/libresolv.9.dylib
0x000000000241b000 	/usr/lib/libiconv.2.dylib
0x000000000241b000 	/System/Library/PrivateFrameworks/Heimdal.framework/Versions/A/Heimdal
0x000000000241b000 	/usr/lib/libheimdal-asn1.dylib
0x000000000241b000 	/System/Library/Frameworks/OpenDirectory.framework/Versions/A/OpenDirectory
0x000000000241b000 	/System/Library/PrivateFrameworks/CommonAuth.framework/Versions/A/CommonAuth
0x000000000241b000 	/System/Library/Frameworks/OpenDirectory.framework/Versions/A/Frameworks/CFOpenDirectory.framework/Versions/A/CFOpenDirectory
0x000000000241b000 	/System/Library/Frameworks/SecurityFoundation.framework/Versions/A/SecurityFoundation
0x000000000241b000 	/System/Library/PrivateFrameworks/LanguageModeling.framework/Versions/A/LanguageModeling
0x000000000241b000 	/usr/lib/libmarisa.dylib
0x000000000241b000 	/usr/lib/libChineseTokenizer.dylib
0x000000000241b000 	/usr/lib/libcmph.dylib
0x000000000241b000 	/usr/lib/libcompression.dylib
0x000000000241b000 	/System/Library/Frameworks/ServiceManagement.framework/Versions/A/ServiceManagement
0x000000000241b000 	/usr/lib/libxslt.1.dylib
0x000000000241b000 	/System/Library/Frameworks/Carbon.framework/Versions/A/Frameworks/Ink.framework/Versions/A/Ink
0x000000000241b000 	/usr/lib/libFosl_dynamic.dylib
0x000000000241b000 	/System/Library/PrivateFrameworks/FaceCore.framework/Versions/A/FaceCore
0x000000000241b000 	/System/Library/Frameworks/OpenCL.framework/Versions/A/OpenCL
0x000000000241b000 	/System/Library/PrivateFrameworks/CrashReporterSupport.framework/Versions/A/CrashReporterSupport
0x000000000241b000 	/System/Library/PrivateFrameworks/IconServices.framework/Versions/A/IconServices
0x000000000241b000 	/System/Library/PrivateFrameworks/Apple80211.framework/Versions/A/Apple80211
0x000000000241b000 	/System/Library/Frameworks/CoreWLAN.framework/Versions/A/CoreWLAN
0x000000000241b000 	/System/Library/Frameworks/IOBluetooth.framework/Versions/A/IOBluetooth
0x000000000241b000 	/System/Library/PrivateFrameworks/CoreWiFi.framework/Versions/A/CoreWiFi
0x000000000241b000 	/System/Library/Frameworks/CoreBluetooth.framework/Versions/A/CoreBluetooth
0x000000000241b000 	/System/Library/PrivateFrameworks/ChunkingLibrary.framework/Versions/A/ChunkingLibrary
0x000000000241b000 	/System/Library/PrivateFrameworks/DebugSymbols.framework/Versions/A/DebugSymbols
0x000000000241b000 	/System/Library/PrivateFrameworks/CoreSymbolication.framework/Versions/A/CoreSymbolication
0x000000000241b000 	/System/Library/PrivateFrameworks/Symbolication.framework/Versions/A/Symbolication
0x000000000241b000 	/System/Library/PrivateFrameworks/SpeechRecognitionCore.framework/Versions/A/SpeechRecognitionCore
0x000000010fe00000 	/Library/Java/JavaVirtualMachines/jdk1.8.0_101.jdk/Contents/Home/jre/lib/server/libjvm.dylib
0x000000000241b000 	/usr/lib/libstdc++.6.dylib
0x000000010f4bf000 	/Library/Java/JavaVirtualMachines/jdk1.8.0_101.jdk/Contents/Home/jre/lib/libverify.dylib
0x000000010f4cd000 	/Library/Java/JavaVirtualMachines/jdk1.8.0_101.jdk/Contents/Home/jre/lib/libjava.dylib
0x000000010f50c000 	/Library/Java/JavaVirtualMachines/jdk1.8.0_101.jdk/Contents/Home/jre/lib/libzip.dylib
0x0000000124159000 	/System/Library/Frameworks/JavaVM.framework/Frameworks/JavaRuntimeSupport.framework/JavaRuntimeSupport
0x0000000124174000 	/System/Library/Frameworks/JavaVM.framework/Versions/A/Frameworks/JavaNativeFoundation.framework/Versions/A/JavaNativeFoundation
0x0000000124189000 	/System/Library/Frameworks/JavaVM.framework/Versions/A/JavaVM
0x000000000241b000 	/System/Library/Frameworks/Carbon.framework/Versions/A/Carbon
0x0000000124196000 	/System/Library/PrivateFrameworks/JavaLaunching.framework/Versions/A/JavaLaunching
0x000000000241b000 	/System/Library/Frameworks/Carbon.framework/Versions/A/Frameworks/CommonPanels.framework/Versions/A/CommonPanels
0x000000000241b000 	/System/Library/Frameworks/Carbon.framework/Versions/A/Frameworks/Help.framework/Versions/A/Help
0x000000000241b000 	/System/Library/Frameworks/Carbon.framework/Versions/A/Frameworks/ImageCapture.framework/Versions/A/ImageCapture
0x000000000241b000 	/System/Library/Frameworks/Carbon.framework/Versions/A/Frameworks/OpenScripting.framework/Versions/A/OpenScripting
0x000000000241b000 	/System/Library/Frameworks/Carbon.framework/Versions/A/Frameworks/Print.framework/Versions/A/Print
0x000000000241b000 	/System/Library/Frameworks/Carbon.framework/Versions/A/Frameworks/SecurityHI.framework/Versions/A/SecurityHI
0x0000000125abd000 	/Library/Java/JavaVirtualMachines/jdk1.8.0_101.jdk/Contents/Home/jre/lib/libawt.dylib
0x0000000125b65000 	/Library/Java/JavaVirtualMachines/jdk1.8.0_101.jdk/Contents/Home/jre/lib/./libmlib_image.dylib
0x0000000125c31000 	/Library/Java/JavaVirtualMachines/jdk1.8.0_101.jdk/Contents/Home/jre/lib/libawt_lwawt.dylib
0x0000000125ce6000 	/Library/Java/JavaVirtualMachines/jdk1.8.0_101.jdk/Contents/Home/jre/lib/./libosxapp.dylib
0x000000000241b000 	/System/Library/Frameworks/ExceptionHandling.framework/Versions/A/ExceptionHandling
0x000000000241b000 	/System/Library/PrivateFrameworks/CoreServicesInternal.framework/Versions/A/CoreServicesInternal
0x000000000241b000 	/System/Library/Frameworks/CoreGraphics.framework/Versions/A/Resources/libRIP.A.dylib
0x000000000241b000 	/System/Library/Frameworks/Accelerate.framework/Versions/A/Frameworks/vImage.framework/Versions/A/Libraries/libCGInterfaces.dylib
0x000000000241b000 	/System/Library/PrivateFrameworks/FamilyControls.framework/Versions/A/FamilyControls
0x000000000241b000 	/System/Library/PrivateFrameworks/CommerceKit.framework/Versions/A/Frameworks/CommerceCore.framework/Versions/A/CommerceCore
0x000000000241b000 	/System/Library/PrivateFrameworks/SystemAdministration.framework/Versions/A/SystemAdministration
0x000000000241b000 	/System/Library/PrivateFrameworks/AppContainer.framework/Versions/A/AppContainer
0x000000000241b000 	/System/Library/PrivateFrameworks/SecCodeWrapper.framework/Versions/A/SecCodeWrapper
0x000000000241b000 	/System/Library/Frameworks/DirectoryService.framework/Versions/A/DirectoryService
0x000000000241b000 	/System/Library/PrivateFrameworks/DiskImages.framework/Versions/A/DiskImages
0x000000000241b000 	/System/Library/PrivateFrameworks/LoginUIKit.framework/Versions/A/Frameworks/LoginUICore.framework/Versions/A/LoginUICore
0x000000000241b000 	/usr/lib/libCoreStorage.dylib
0x000000000241b000 	/usr/lib/libcsfde.dylib
0x000000000241b000 	/usr/lib/libodfde.dylib
0x000000000241b000 	/System/Library/Frameworks/DiscRecording.framework/Versions/A/DiscRecording
0x000000000241b000 	/usr/lib/libcurl.4.dylib
0x000000000241b000 	/System/Library/PrivateFrameworks/MediaKit.framework/Versions/A/MediaKit
0x000000000241b000 	/System/Library/PrivateFrameworks/ProtectedCloudStorage.framework/Versions/A/ProtectedCloudStorage
0x000000000241b000 	/System/Library/PrivateFrameworks/EFILogin.framework/Versions/A/EFILogin
0x000000000241b000 	/usr/lib/libutil.dylib
0x000000000241b000 	/System/Library/PrivateFrameworks/FindMyDevice.framework/Versions/A/FindMyDevice
0x000000000241b000 	/System/Library/Frameworks/LDAP.framework/Versions/A/LDAP
0x000000000241b000 	/usr/lib/libsasl2.2.dylib
0x000000000241b000 	/System/Library/PrivateFrameworks/CoreDaemon.framework/Versions/B/CoreDaemon
0x000000000241b000 	/usr/lib/libcrypto.0.9.8.dylib
0x000000000241b000 	/System/Library/PrivateFrameworks/AppleSRP.framework/Versions/A/AppleSRP
0x000000000241b000 	/System/Library/PrivateFrameworks/TrustEvaluationAgent.framework/Versions/A/TrustEvaluationAgent
0x000000000241b000 	/System/Library/Frameworks/CoreGraphics.framework/Versions/A/Resources/libCGXType.A.dylib
0x000000000241b000 	/System/Library/Frameworks/OpenCL.framework/Versions/A/Libraries/libcldcpuengine.dylib
0x00000001268e0000 	cl_kernels
0x000000000241b000 	/System/Library/Frameworks/OpenCL.framework/Versions/A/Libraries/ImageFormats/unorm8_bgra.dylib
0x000000000241b000 	/System/Library/Frameworks/OpenCL.framework/Versions/A/Libraries/ImageFormats/unorm8_rgba.dylib
0x0000000128a84000 	/Library/Java/JavaVirtualMachines/jdk1.8.0_101.jdk/Contents/Home/jre/lib/libfontmanager.dylib
0x0000000128aeb000 	/Library/Java/JavaVirtualMachines/jdk1.8.0_101.jdk/Contents/Home/jre/lib/libosxui.dylib
0x000000000241b000 	/System/Library/Frameworks/OpenGL.framework/Versions/A/Resources/GLEngine.bundle/GLEngine
0x000000000241b000 	/System/Library/Frameworks/OpenGL.framework/Versions/A/Libraries/libGLProgrammability.dylib
0x000000012964b000 	/System/Library/Extensions/AppleIntelHD5000GraphicsGLDriver.bundle/Contents/MacOS/AppleIntelHD5000GraphicsGLDriver
0x000000000241b000 	/System/Library/PrivateFrameworks/GPUSupport.framework/Versions/A/Libraries/libGPUSupportMercury.dylib
0x000000000241b000 	/System/Library/Frameworks/OpenGL.framework/Versions/A/Resources/GLRendererFloat.bundle/GLRendererFloat
0x000000012c217000 	/System/Library/Extensions/AppleIntelHD5000GraphicsMTLDriver.bundle/Contents/MacOS/AppleIntelHD5000GraphicsMTLDriver
0x000000012c710000 	/Library/Java/JavaVirtualMachines/jdk1.8.0_101.jdk/Contents/Home/jre/lib/libnet.dylib
0x000000012c556000 	/Library/Java/JavaVirtualMachines/jdk1.8.0_101.jdk/Contents/Home/jre/lib/libnio.dylib
0x000000000241b000 	/System/Library/Frameworks/ApplicationServices.framework/Versions/A/Frameworks/ATS.framework/Versions/A/Resources/libTrueTypeScaler.dylib

VM Arguments:
jvm_args: -Dfile.encoding=UTF-8 -Xbootclasspath/p:/Users/lehtone1/Downloads/Ohjelmointi/Scala/eclipse/plugins/org.scala-lang.scala-library_2.11.8.v20160304-115712-1706a37eb8.jar:/Users/lehtone1/Downloads/Ohjelmointi/Scala/eclipse/plugins/org.scala-lang.scala-reflect_2.11.8.v20160304-115712-1706a37eb8.jar 
java_command: o1.game.Main
java_class_path (initial): /Users/lehtone1/Downloads/Ohjelmointi/Scala/The_game_runner/The_game_file/bin:/Users/lehtone1/Downloads/Ohjelmointi/Scala/The_game_runner/The_game_file/scala-swing_2.11-2.0.0-M2.jar
Launcher Type: SUN_STANDARD

Environment Variables:
PATH=/usr/bin:/bin:/usr/sbin:/sbin
SHELL=/bin/bash

Signal Handlers:
SIGSEGV: [libjvm.dylib+0x5af145], sa_mask[0]=11111111011111110111111111111111, sa_flags=SA_ONSTACK|SA_RESTART|SA_SIGINFO
SIGBUS: [libjvm.dylib+0x5af145], sa_mask[0]=11111111011111110111111111111111, sa_flags=SA_RESTART|SA_SIGINFO
SIGFPE: [libjvm.dylib+0x48694c], sa_mask[0]=11111111011111110111111111111111, sa_flags=SA_RESTART|SA_SIGINFO
SIGPIPE: [libjvm.dylib+0x48694c], sa_mask[0]=11111111011111110111111111111111, sa_flags=SA_RESTART|SA_SIGINFO
SIGXFSZ: [libjvm.dylib+0x48694c], sa_mask[0]=11111111011111110111111111111111, sa_flags=SA_RESTART|SA_SIGINFO
SIGILL: [libjvm.dylib+0x48694c], sa_mask[0]=11111111011111110111111111111111, sa_flags=SA_RESTART|SA_SIGINFO
SIGUSR1: SIG_DFL, sa_mask[0]=00000000000000000000000000000000, sa_flags=none
SIGUSR2: [libjvm.dylib+0x48646a], sa_mask[0]=00100000000000000000000000000000, sa_flags=SA_RESTART|SA_SIGINFO
SIGHUP: [libjvm.dylib+0x484a41], sa_mask[0]=11111111011111110111111111111111, sa_flags=SA_RESTART|SA_SIGINFO
SIGINT: [libjvm.dylib+0x484a41], sa_mask[0]=11111111011111110111111111111111, sa_flags=SA_RESTART|SA_SIGINFO
SIGTERM: [libjvm.dylib+0x484a41], sa_mask[0]=11111111011111110111111111111111, sa_flags=SA_RESTART|SA_SIGINFO
SIGQUIT: [libjvm.dylib+0x484a41], sa_mask[0]=11111111011111110111111111111111, sa_flags=SA_RESTART|SA_SIGINFO


---------------  S Y S T E M  ---------------

OS:Bsduname:Darwin 15.0.0 Darwin Kernel Version 15.0.0: Wed Aug 26 16:57:32 PDT 2015; root:xnu-3247.1.106~1/RELEASE_X86_64 x86_64
rlimit: STACK 8192k, CORE 0k, NPROC 709, NOFILE 10240, AS infinity
load average:4.04 4.00 3.99

CPU:total 4 (2 cores per cpu, 2 threads per core) family 6 model 69 stepping 1, cmov, cx8, fxsr, mmx, sse, sse2, sse3, ssse3, sse4.1, sse4.2, popcnt, avx, avx2, aes, clmul, erms, lzcnt, ht, tsc, tscinvbit, bmi1, bmi2

Memory: 4k page, physical 4194304k(17988k free)

/proc/meminfo:


vm_info: Java HotSpot(TM) 64-Bit Server VM (25.101-b13) for bsd-amd64 JRE (1.8.0_101-b13), built on Jun 22 2016 02:42:15 by "java_re" with gcc 4.2.1 (Based on Apple Inc. build 5658) (LLVM build 2336.11.00)

time: Sat Jan 14 09:41:50 2017
elapsed time: 31037 seconds (0d 8h 37m 17s)

